# JRE version: OpenJDK Runtime Environment Temurin-17.0.12+7 (17.0.12+7) (build 17.0.12+7)
# Java VM: OpenJDK 64-Bit Server VM Temurin-17.0.12+7 (17.0.12+7, mixed mode, tiered, compressed oops, compressed class ptrs, parallel gc, windows-amd64)
GC Precious Log:
 CPUs: 8 total, 8 available
 Memory: 7876M
 Large Page Support: Disabled
 NUMA Support: Disabled
 Compressed Oops: Enabled (32-bit)
 Alignments: Space 512K, Generation 512K, Heap 2M
 Heap Min Capacity: 100M
 Heap Initial Capacity: 100M
 Heap Max Capacity: 1G
 Pre-touch: Disabled
 Parallel Workers: 8
Heap:
 PSYoungGen      total 83456K, used 62648K [0x00000000eab00000, 0x00000000f2580000, 0x0000000100000000)
  eden space 48128K, 57% used [0x00000000eab00000,0x00000000ec5e4db8,0x00000000eda00000)
  from space 35328K, 99% used [0x00000000f0300000,0x00000000f2549508,0x00000000f2580000)
  to   space 36352K, 0% used [0x00000000ede80000,0x00000000ede80000,0x00000000f0200000)
 ParOldGen       total 391168K, used 352420K [0x00000000c0000000, 0x00000000d7e00000, 0x00000000eab00000)
  object space 391168K, 90% used [0x00000000c0000000,0x00000000d58293e0,0x00000000d7e00000)
 Metaspace       used 74977K, committed 76352K, reserved 1179648K
  class space    used 7843K, committed 8384K, reserved 1048576K
GC Heap History (20 events):
Event: 24.933 GC heap before
{Heap before GC invocations=119 (full 8):
 PSYoungGen      total 37888K, used 37600K [0x00000000eab00000, 0x00000000edc80000, 0x0000000100000000)
  eden space 31232K, 100% used [0x00000000eab00000,0x00000000ec980000,0x00000000ec980000)
  from space 6656K, 95% used [0x00000000ed600000,0x00000000edc38060,0x00000000edc80000)
  to   space 8704K, 0% used [0x00000000ecb80000,0x00000000ecb80000,0x00000000ed400000)
 ParOldGen       total 289792K, used 275224K [0x00000000c0000000, 0x00000000d1b00000, 0x00000000eab00000)
  object space 289792K, 94% used [0x00000000c0000000,0x00000000d0cc6120,0x00000000d1b00000)
 Metaspace       used 74084K, committed 75392K, reserved 1179648K
  class space    used 7748K, committed 8256K, reserved 1048576K
}
Event: 24.941 GC heap after
{Heap after GC invocations=119 (full 8):
 PSYoungGen      total 41984K, used 8687K [0x00000000eab00000, 0x00000000ee780000, 0x0000000100000000)
  eden space 33280K, 0% used [0x00000000eab00000,0x00000000eab00000,0x00000000ecb80000)
  from space 8704K, 99% used [0x00000000ecb80000,0x00000000ed3fbe28,0x00000000ed400000)
  to   space 13824K, 0% used [0x00000000eda00000,0x00000000eda00000,0x00000000ee780000)
 ParOldGen       total 289792K, used 279217K [0x00000000c0000000, 0x00000000d1b00000, 0x00000000eab00000)
  object space 289792K, 96% used [0x00000000c0000000,0x00000000d10ac630,0x00000000d1b00000)
 Metaspace       used 74084K, committed 75392K, reserved 1179648K
  class space    used 7748K, committed 8256K, reserved 1048576K
}
Event: 25.031 GC heap before
{Heap before GC invocations=120 (full 8):
 PSYoungGen      total 41984K, used 41967K [0x00000000eab00000, 0x00000000ee780000, 0x0000000100000000)
  eden space 33280K, 100% used [0x00000000eab00000,0x00000000ecb80000,0x00000000ecb80000)
  from space 8704K, 99% used [0x00000000ecb80000,0x00000000ed3fbe28,0x00000000ed400000)
  to   space 13824K, 0% used [0x00000000eda00000,0x00000000eda00000,0x00000000ee780000)
 ParOldGen       total 289792K, used 279217K [0x00000000c0000000, 0x00000000d1b00000, 0x00000000eab00000)
  object space 289792K, 96% used [0x00000000c0000000,0x00000000d10ac630,0x00000000d1b00000)
 Metaspace       used 74084K, committed 75392K, reserved 1179648K
  class space    used 7748K, committed 8256K, reserved 1048576K
}
Event: 25.039 GC heap after
{Heap after GC invocations=120 (full 8):
 PSYoungGen      total 44032K, used 7182K [0x00000000eab00000, 0x00000000ee180000, 0x0000000100000000)
  eden space 36352K, 0% used [0x00000000eab00000,0x00000000eab00000,0x00000000ece80000)
  from space 7680K, 93% used [0x00000000eda00000,0x00000000ee103890,0x00000000ee180000)
  to   space 9216K, 0% used [0x00000000ecf80000,0x00000000ecf80000,0x00000000ed880000)
 ParOldGen       total 289792K, used 287858K [0x00000000c0000000, 0x00000000d1b00000, 0x00000000eab00000)
  object space 289792K, 99% used [0x00000000c0000000,0x00000000d191ca18,0x00000000d1b00000)
 Metaspace       used 74084K, committed 75392K, reserved 1179648K
  class space    used 7748K, committed 8256K, reserved 1048576K
}
Event: 25.039 GC heap before
{Heap before GC invocations=121 (full 9):
 PSYoungGen      total 44032K, used 7182K [0x00000000eab00000, 0x00000000ee180000, 0x0000000100000000)
  eden space 36352K, 0% used [0x00000000eab00000,0x00000000eab00000,0x00000000ece80000)
  from space 7680K, 93% used [0x00000000eda00000,0x00000000ee103890,0x00000000ee180000)
  to   space 9216K, 0% used [0x00000000ecf80000,0x00000000ecf80000,0x00000000ed880000)
 ParOldGen       total 289792K, used 287858K [0x00000000c0000000, 0x00000000d1b00000, 0x00000000eab00000)
  object space 289792K, 99% used [0x00000000c0000000,0x00000000d191ca18,0x00000000d1b00000)
 Metaspace       used 74084K, committed 75392K, reserved 1179648K
  class space    used 7748K, committed 8256K, reserved 1048576K
}
Event: 25.221 GC heap after
{Heap after GC invocations=121 (full 9):
 PSYoungGen      total 46592K, used 0K [0x00000000eab00000, 0x00000000ee400000, 0x0000000100000000)
  eden space 37376K, 0% used [0x00000000eab00000,0x00000000eab00000,0x00000000ecf80000)
  from space 9216K, 0% used [0x00000000ecf80000,0x00000000ecf80000,0x00000000ed880000)
  to   space 9216K, 0% used [0x00000000edb00000,0x00000000edb00000,0x00000000ee400000)
 ParOldGen       total 391168K, used 286593K [0x00000000c0000000, 0x00000000d7e00000, 0x00000000eab00000)
  object space 391168K, 73% used [0x00000000c0000000,0x00000000d17e0768,0x00000000d7e00000)
 Metaspace       used 74084K, committed 75392K, reserved 1179648K
  class space    used 7748K, committed 8256K, reserved 1048576K
}
Event: 25.324 GC heap before
{Heap before GC invocations=122 (full 9):
 PSYoungGen      total 46592K, used 37376K [0x00000000eab00000, 0x00000000ee400000, 0x0000000100000000)
  eden space 37376K, 100% used [0x00000000eab00000,0x00000000ecf80000,0x00000000ecf80000)
  from space 9216K, 0% used [0x00000000ecf80000,0x00000000ecf80000,0x00000000ed880000)
  to   space 9216K, 0% used [0x00000000edb00000,0x00000000edb00000,0x00000000ee400000)
 ParOldGen       total 391168K, used 286593K [0x00000000c0000000, 0x00000000d7e00000, 0x00000000eab00000)
  object space 391168K, 73% used [0x00000000c0000000,0x00000000d17e0768,0x00000000d7e00000)
 Metaspace       used 74084K, committed 75392K, reserved 1179648K
  class space    used 7748K, committed 8256K, reserved 1048576K
}
Event: 25.330 GC heap after
{Heap after GC invocations=122 (full 9):
 PSYoungGen      total 45568K, used 8633K [0x00000000eab00000, 0x00000000ee380000, 0x0000000100000000)
  eden space 36864K, 0% used [0x00000000eab00000,0x00000000eab00000,0x00000000ecf00000)
  from space 8704K, 99% used [0x00000000edb00000,0x00000000ee36e4a0,0x00000000ee380000)
  to   space 9216K, 0% used [0x00000000ed180000,0x00000000ed180000,0x00000000eda80000)
 ParOldGen       total 391168K, used 286593K [0x00000000c0000000, 0x00000000d7e00000, 0x00000000eab00000)
  object space 391168K, 73% used [0x00000000c0000000,0x00000000d17e0768,0x00000000d7e00000)
 Metaspace       used 74084K, committed 75392K, reserved 1179648K
  class space    used 7748K, committed 8256K, reserved 1048576K
}
Event: 25.428 GC heap before
{Heap before GC invocations=123 (full 9):
 PSYoungGen      total 45568K, used 45497K [0x00000000eab00000, 0x00000000ee380000, 0x0000000100000000)
  eden space 36864K, 100% used [0x00000000eab00000,0x00000000ecf00000,0x00000000ecf00000)
  from space 8704K, 99% used [0x00000000edb00000,0x00000000ee36e4a0,0x00000000ee380000)
  to   space 9216K, 0% used [0x00000000ed180000,0x00000000ed180000,0x00000000eda80000)
 ParOldGen       total 391168K, used 286593K [0x00000000c0000000, 0x00000000d7e00000, 0x00000000eab00000)
  object space 391168K, 73% used [0x00000000c0000000,0x00000000d17e0768,0x00000000d7e00000)
 Metaspace       used 74084K, committed 75392K, reserved 1179648K
  class space    used 7748K, committed 8256K, reserved 1048576K
}
Event: 25.436 GC heap after
{Heap after GC invocations=123 (full 9):
 PSYoungGen      total 45568K, used 9201K [0x00000000eab00000, 0x00000000ef180000, 0x0000000100000000)
  eden space 36352K, 0% used [0x00000000eab00000,0x00000000eab00000,0x00000000ece80000)
  from space 9216K, 99% used [0x00000000ed180000,0x00000000eda7c568,0x00000000eda80000)
  to   space 17920K, 0% used [0x00000000ee000000,0x00000000ee000000,0x00000000ef180000)
 ParOldGen       total 391168K, used 293711K [0x00000000c0000000, 0x00000000d7e00000, 0x00000000eab00000)
  object space 391168K, 75% used [0x00000000c0000000,0x00000000d1ed3cb8,0x00000000d7e00000)
 Metaspace       used 74084K, committed 75392K, reserved 1179648K
  class space    used 7748K, committed 8256K, reserved 1048576K
}
Event: 25.563 GC heap before
{Heap before GC invocations=124 (full 9):
 PSYoungGen      total 45568K, used 45553K [0x00000000eab00000, 0x00000000ef180000, 0x0000000100000000)
  eden space 36352K, 100% used [0x00000000eab00000,0x00000000ece80000,0x00000000ece80000)
  from space 9216K, 99% used [0x00000000ed180000,0x00000000eda7c568,0x00000000eda80000)
  to   space 17920K, 0% used [0x00000000ee000000,0x00000000ee000000,0x00000000ef180000)
 ParOldGen       total 391168K, used 293711K [0x00000000c0000000, 0x00000000d7e00000, 0x00000000eab00000)
  object space 391168K, 75% used [0x00000000c0000000,0x00000000d1ed3cb8,0x00000000d7e00000)
 Metaspace       used 74101K, committed 75392K, reserved 1179648K
  class space    used 7748K, committed 8256K, reserved 1048576K
}
Event: 25.576 GC heap after
{Heap after GC invocations=124 (full 9):
 PSYoungGen      total 49152K, used 12446K [0x00000000eab00000, 0x00000000eec80000, 0x0000000100000000)
  eden space 36352K, 0% used [0x00000000eab00000,0x00000000eab00000,0x00000000ece80000)
  from space 12800K, 97% used [0x00000000ee000000,0x00000000eec27a10,0x00000000eec80000)
  to   space 13824K, 0% used [0x00000000ed180000,0x00000000ed180000,0x00000000edf00000)
 ParOldGen       total 391168K, used 298152K [0x00000000c0000000, 0x00000000d7e00000, 0x00000000eab00000)
  object space 391168K, 76% used [0x00000000c0000000,0x00000000d232a108,0x00000000d7e00000)
 Metaspace       used 74101K, committed 75392K, reserved 1179648K
  class space    used 7748K, committed 8256K, reserved 1048576K
}
Event: 25.647 GC heap before
{Heap before GC invocations=125 (full 9):
 PSYoungGen      total 49152K, used 48798K [0x00000000eab00000, 0x00000000eec80000, 0x0000000100000000)
  eden space 36352K, 100% used [0x00000000eab00000,0x00000000ece80000,0x00000000ece80000)
  from space 12800K, 97% used [0x00000000ee000000,0x00000000eec27a10,0x00000000eec80000)
  to   space 13824K, 0% used [0x00000000ed180000,0x00000000ed180000,0x00000000edf00000)
 ParOldGen       total 391168K, used 298152K [0x00000000c0000000, 0x00000000d7e00000, 0x00000000eab00000)
  object space 391168K, 76% used [0x00000000c0000000,0x00000000d232a108,0x00000000d7e00000)
 Metaspace       used 74101K, committed 75392K, reserved 1179648K
  class space    used 7748K, committed 8256K, reserved 1048576K
}
Event: 25.657 GC heap after
{Heap after GC invocations=125 (full 9):
 PSYoungGen      total 53248K, used 13815K [0x00000000eab00000, 0x00000000f0200000, 0x0000000100000000)
  eden space 39424K, 0% used [0x00000000eab00000,0x00000000eab00000,0x00000000ed180000)
  from space 13824K, 99% used [0x00000000ed180000,0x00000000edefdf68,0x00000000edf00000)
  to   space 24576K, 0% used [0x00000000eea00000,0x00000000eea00000,0x00000000f0200000)
 ParOldGen       total 391168K, used 306698K [0x00000000c0000000, 0x00000000d7e00000, 0x00000000eab00000)
  object space 391168K, 78% used [0x00000000c0000000,0x00000000d2b82920,0x00000000d7e00000)
 Metaspace       used 74101K, committed 75392K, reserved 1179648K
  class space    used 7748K, committed 8256K, reserved 1048576K
}
Event: 25.695 GC heap before
{Heap before GC invocations=126 (full 9):
 PSYoungGen      total 53248K, used 53239K [0x00000000eab00000, 0x00000000f0200000, 0x0000000100000000)
  eden space 39424K, 100% used [0x00000000eab00000,0x00000000ed180000,0x00000000ed180000)
  from space 13824K, 99% used [0x00000000ed180000,0x00000000edefdf68,0x00000000edf00000)
  to   space 24576K, 0% used [0x00000000eea00000,0x00000000eea00000,0x00000000f0200000)
 ParOldGen       total 391168K, used 306698K [0x00000000c0000000, 0x00000000d7e00000, 0x00000000eab00000)
  object space 391168K, 78% used [0x00000000c0000000,0x00000000d2b82920,0x00000000d7e00000)
 Metaspace       used 74101K, committed 75392K, reserved 1179648K
  class space    used 7748K, committed 8256K, reserved 1048576K
}
Event: 25.709 GC heap after
{Heap after GC invocations=126 (full 9):
 PSYoungGen      total 64512K, used 19407K [0x00000000eab00000, 0x00000000efe00000, 0x0000000100000000)
  eden space 44032K, 0% used [0x00000000eab00000,0x00000000eab00000,0x00000000ed600000)
  from space 20480K, 94% used [0x00000000eea00000,0x00000000efcf3ff0,0x00000000efe00000)
  to   space 20480K, 0% used [0x00000000ed600000,0x00000000ed600000,0x00000000eea00000)
 ParOldGen       total 391168K, used 314663K [0x00000000c0000000, 0x00000000d7e00000, 0x00000000eab00000)
  object space 391168K, 80% used [0x00000000c0000000,0x00000000d3349e28,0x00000000d7e00000)
 Metaspace       used 74101K, committed 75392K, reserved 1179648K
  class space    used 7748K, committed 8256K, reserved 1048576K
}
Event: 26.040 GC heap before
{Heap before GC invocations=127 (full 9):
 PSYoungGen      total 64512K, used 63439K [0x00000000eab00000, 0x00000000efe00000, 0x0000000100000000)
  eden space 44032K, 100% used [0x00000000eab00000,0x00000000ed600000,0x00000000ed600000)
  from space 20480K, 94% used [0x00000000eea00000,0x00000000efcf3ff0,0x00000000efe00000)
  to   space 20480K, 0% used [0x00000000ed600000,0x00000000ed600000,0x00000000eea00000)
 ParOldGen       total 391168K, used 314663K [0x00000000c0000000, 0x00000000d7e00000, 0x00000000eab00000)
  object space 391168K, 80% used [0x00000000c0000000,0x00000000d3349e28,0x00000000d7e00000)
 Metaspace       used 74112K, committed 75392K, reserved 1179648K
  class space    used 7748K, committed 8256K, reserved 1048576K
}
Event: 26.055 GC heap after
{Heap after GC invocations=127 (full 9):
 PSYoungGen      total 64512K, used 20470K [0x00000000eab00000, 0x00000000f2b80000, 0x0000000100000000)
  eden space 44032K, 0% used [0x00000000eab00000,0x00000000eab00000,0x00000000ed600000)
  from space 20480K, 99% used [0x00000000ed600000,0x00000000ee9fda80,0x00000000eea00000)
  to   space 41472K, 0% used [0x00000000f0300000,0x00000000f0300000,0x00000000f2b80000)
 ParOldGen       total 391168K, used 332191K [0x00000000c0000000, 0x00000000d7e00000, 0x00000000eab00000)
  object space 391168K, 84% used [0x00000000c0000000,0x00000000d4467ff8,0x00000000d7e00000)
 Metaspace       used 74112K, committed 75392K, reserved 1179648K
  class space    used 7748K, committed 8256K, reserved 1048576K
}
Event: 26.818 GC heap before
{Heap before GC invocations=128 (full 9):
 PSYoungGen      total 64512K, used 64502K [0x00000000eab00000, 0x00000000f2b80000, 0x0000000100000000)
  eden space 44032K, 100% used [0x00000000eab00000,0x00000000ed600000,0x00000000ed600000)
  from space 20480K, 99% used [0x00000000ed600000,0x00000000ee9fda80,0x00000000eea00000)
  to   space 41472K, 0% used [0x00000000f0300000,0x00000000f0300000,0x00000000f2b80000)
 ParOldGen       total 391168K, used 332191K [0x00000000c0000000, 0x00000000d7e00000, 0x00000000eab00000)
  object space 391168K, 84% used [0x00000000c0000000,0x00000000d4467ff8,0x00000000d7e00000)
 Metaspace       used 74112K, committed 75392K, reserved 1179648K
  class space    used 7748K, committed 8256K, reserved 1048576K
}
Event: 26.857 GC heap after
{Heap after GC invocations=128 (full 9):
 PSYoungGen      total 83456K, used 35109K [0x00000000eab00000, 0x00000000f2580000, 0x0000000100000000)
  eden space 48128K, 0% used [0x00000000eab00000,0x00000000eab00000,0x00000000eda00000)
  from space 35328K, 99% used [0x00000000f0300000,0x00000000f2549508,0x00000000f2580000)
  to   space 36352K, 0% used [0x00000000ede80000,0x00000000ede80000,0x00000000f0200000)
 ParOldGen       total 391168K, used 352420K [0x00000000c0000000, 0x00000000d7e00000, 0x00000000eab00000)
  object space 391168K, 90% used [0x00000000c0000000,0x00000000d58293e0,0x00000000d7e00000)
 Metaspace       used 74112K, committed 75392K, reserved 1179648K
  class space    used 7748K, committed 8256K, reserved 1048576K
}

