# JRE version: OpenJDK Runtime Environment Temurin-17.0.12+7 (17.0.12+7) (build 17.0.12+7)
# Java VM: OpenJDK 64-Bit Server VM Temurin-17.0.12+7 (17.0.12+7, mixed mode, tiered, compressed oops, compressed class ptrs, parallel gc, windows-amd64)
GC Precious Log:
 CPUs: 8 total, 8 available
 Memory: 7876M
 Large Page Support: Disabled
 NUMA Support: Disabled
 Compressed Oops: Enabled (32-bit)
 Alignments: Space 512K, Generation 512K, Heap 2M
 Heap Min Capacity: 100M
 Heap Initial Capacity: 100M
 Heap Max Capacity: 1G
 Pre-touch: Disabled
 Parallel Workers: 8
Heap:
 PSYoungGen      total 13824K, used 13440K [0x00000000eab00000, 0x00000000eb980000, 0x0000000100000000)
  eden space 12800K, 100% used [0x00000000eab00000,0x00000000eb780000,0x00000000eb780000)
  from space 1024K, 62% used [0x00000000eb880000,0x00000000eb920000,0x00000000eb980000)
  to   space 1024K, 0% used [0x00000000eb780000,0x00000000eb780000,0x00000000eb880000)
 ParOldGen       total 91648K, used 85962K [0x00000000c0000000, 0x00000000c5980000, 0x00000000eab00000)
  object space 91648K, 93% used [0x00000000c0000000,0x00000000c53f2978,0x00000000c5980000)
 Metaspace       used 63872K, committed 65152K, reserved 1114112K
  class space    used 6817K, committed 7424K, reserved 1048576K
GC Heap History (20 events):
Event: 27.694 GC heap before
{Heap before GC invocations=68 (full 4):
 PSYoungGen      total 13824K, used 13824K [0x00000000eab00000, 0x00000000ebb80000, 0x0000000100000000)
  eden space 12800K, 100% used [0x00000000eab00000,0x00000000eb780000,0x00000000eb780000)
  from space 1024K, 100% used [0x00000000eba00000,0x00000000ebb00000,0x00000000ebb00000)
  to   space 2048K, 0% used [0x00000000eb780000,0x00000000eb780000,0x00000000eb980000)
 ParOldGen       total 91648K, used 74911K [0x00000000c0000000, 0x00000000c5980000, 0x00000000eab00000)
  object space 91648K, 81% used [0x00000000c0000000,0x00000000c4927cb8,0x00000000c5980000)
 Metaspace       used 63523K, committed 64896K, reserved 1114112K
  class space    used 6791K, committed 7424K, reserved 1048576K
}
Event: 27.698 GC heap after
{Heap after GC invocations=68 (full 4):
 PSYoungGen      total 14848K, used 512K [0x00000000eab00000, 0x00000000eba80000, 0x0000000100000000)
  eden space 12800K, 0% used [0x00000000eab00000,0x00000000eab00000,0x00000000eb780000)
  from space 2048K, 25% used [0x00000000eb780000,0x00000000eb800000,0x00000000eb980000)
  to   space 1024K, 0% used [0x00000000eb980000,0x00000000eb980000,0x00000000eba80000)
 ParOldGen       total 91648K, used 75975K [0x00000000c0000000, 0x00000000c5980000, 0x00000000eab00000)
  object space 91648K, 82% used [0x00000000c0000000,0x00000000c4a31cb8,0x00000000c5980000)
 Metaspace       used 63523K, committed 64896K, reserved 1114112K
  class space    used 6791K, committed 7424K, reserved 1048576K
}
Event: 27.742 GC heap before
{Heap before GC invocations=69 (full 4):
 PSYoungGen      total 14848K, used 13312K [0x00000000eab00000, 0x00000000eba80000, 0x0000000100000000)
  eden space 12800K, 100% used [0x00000000eab00000,0x00000000eb780000,0x00000000eb780000)
  from space 2048K, 25% used [0x00000000eb780000,0x00000000eb800000,0x00000000eb980000)
  to   space 1024K, 0% used [0x00000000eb980000,0x00000000eb980000,0x00000000eba80000)
 ParOldGen       total 91648K, used 75975K [0x00000000c0000000, 0x00000000c5980000, 0x00000000eab00000)
  object space 91648K, 82% used [0x00000000c0000000,0x00000000c4a31cb8,0x00000000c5980000)
 Metaspace       used 63552K, committed 64960K, reserved 1114112K
  class space    used 6791K, committed 7424K, reserved 1048576K
}
Event: 27.746 GC heap after
{Heap after GC invocations=69 (full 4):
 PSYoungGen      total 13824K, used 851K [0x00000000eab00000, 0x00000000eba80000, 0x0000000100000000)
  eden space 12800K, 0% used [0x00000000eab00000,0x00000000eab00000,0x00000000eb780000)
  from space 1024K, 83% used [0x00000000eb980000,0x00000000eba54fd0,0x00000000eba80000)
  to   space 1024K, 0% used [0x00000000eb880000,0x00000000eb880000,0x00000000eb980000)
 ParOldGen       total 91648K, used 80316K [0x00000000c0000000, 0x00000000c5980000, 0x00000000eab00000)
  object space 91648K, 87% used [0x00000000c0000000,0x00000000c4e6f338,0x00000000c5980000)
 Metaspace       used 63552K, committed 64960K, reserved 1114112K
  class space    used 6791K, committed 7424K, reserved 1048576K
}
Event: 27.802 GC heap before
{Heap before GC invocations=70 (full 4):
 PSYoungGen      total 13824K, used 13651K [0x00000000eab00000, 0x00000000eba80000, 0x0000000100000000)
  eden space 12800K, 100% used [0x00000000eab00000,0x00000000eb780000,0x00000000eb780000)
  from space 1024K, 83% used [0x00000000eb980000,0x00000000eba54fd0,0x00000000eba80000)
  to   space 1024K, 0% used [0x00000000eb880000,0x00000000eb880000,0x00000000eb980000)
 ParOldGen       total 91648K, used 80316K [0x00000000c0000000, 0x00000000c5980000, 0x00000000eab00000)
  object space 91648K, 87% used [0x00000000c0000000,0x00000000c4e6f338,0x00000000c5980000)
 Metaspace       used 63564K, committed 64960K, reserved 1114112K
  class space    used 6793K, committed 7424K, reserved 1048576K
}
Event: 27.805 GC heap after
{Heap after GC invocations=70 (full 4):
 PSYoungGen      total 13824K, used 640K [0x00000000eab00000, 0x00000000eba00000, 0x0000000100000000)
  eden space 12800K, 0% used [0x00000000eab00000,0x00000000eab00000,0x00000000eb780000)
  from space 1024K, 62% used [0x00000000eb880000,0x00000000eb920000,0x00000000eb980000)
  to   space 512K, 0% used [0x00000000eb980000,0x00000000eb980000,0x00000000eba00000)
 ParOldGen       total 91648K, used 80985K [0x00000000c0000000, 0x00000000c5980000, 0x00000000eab00000)
  object space 91648K, 88% used [0x00000000c0000000,0x00000000c4f167c0,0x00000000c5980000)
 Metaspace       used 63564K, committed 64960K, reserved 1114112K
  class space    used 6793K, committed 7424K, reserved 1048576K
}
Event: 27.874 GC heap before
{Heap before GC invocations=71 (full 4):
 PSYoungGen      total 13824K, used 13440K [0x00000000eab00000, 0x00000000eba00000, 0x0000000100000000)
  eden space 12800K, 100% used [0x00000000eab00000,0x00000000eb780000,0x00000000eb780000)
  from space 1024K, 62% used [0x00000000eb880000,0x00000000eb920000,0x00000000eb980000)
  to   space 512K, 0% used [0x00000000eb980000,0x00000000eb980000,0x00000000eba00000)
 ParOldGen       total 91648K, used 80985K [0x00000000c0000000, 0x00000000c5980000, 0x00000000eab00000)
  object space 91648K, 88% used [0x00000000c0000000,0x00000000c4f167c0,0x00000000c5980000)
 Metaspace       used 63621K, committed 64960K, reserved 1114112K
  class space    used 6798K, committed 7424K, reserved 1048576K
}
Event: 27.877 GC heap after
{Heap after GC invocations=71 (full 4):
 PSYoungGen      total 13312K, used 496K [0x00000000eab00000, 0x00000000eba80000, 0x0000000100000000)
  eden space 12800K, 0% used [0x00000000eab00000,0x00000000eab00000,0x00000000eb780000)
  from space 512K, 97% used [0x00000000eb980000,0x00000000eb9fc3f8,0x00000000eba00000)
  to   space 1536K, 0% used [0x00000000eb780000,0x00000000eb780000,0x00000000eb900000)
 ParOldGen       total 91648K, used 81518K [0x00000000c0000000, 0x00000000c5980000, 0x00000000eab00000)
  object space 91648K, 88% used [0x00000000c0000000,0x00000000c4f9bbc8,0x00000000c5980000)
 Metaspace       used 63621K, committed 64960K, reserved 1114112K
  class space    used 6798K, committed 7424K, reserved 1048576K
}
Event: 27.919 GC heap before
{Heap before GC invocations=72 (full 4):
 PSYoungGen      total 13312K, used 13296K [0x00000000eab00000, 0x00000000eba80000, 0x0000000100000000)
  eden space 12800K, 99% used [0x00000000eab00000,0x00000000eb77fff0,0x00000000eb780000)
  from space 512K, 97% used [0x00000000eb980000,0x00000000eb9fc3f8,0x00000000eba00000)
  to   space 1536K, 0% used [0x00000000eb780000,0x00000000eb780000,0x00000000eb900000)
 ParOldGen       total 91648K, used 81518K [0x00000000c0000000, 0x00000000c5980000, 0x00000000eab00000)
  object space 91648K, 88% used [0x00000000c0000000,0x00000000c4f9bbc8,0x00000000c5980000)
 Metaspace       used 63735K, committed 65088K, reserved 1114112K
  class space    used 6804K, committed 7424K, reserved 1048576K
}
Event: 27.926 GC heap after
{Heap after GC invocations=72 (full 4):
 PSYoungGen      total 14336K, used 853K [0x00000000eab00000, 0x00000000eba00000, 0x0000000100000000)
  eden space 12800K, 0% used [0x00000000eab00000,0x00000000eab00000,0x00000000eb780000)
  from space 1536K, 55% used [0x00000000eb780000,0x00000000eb8555f8,0x00000000eb900000)
  to   space 1024K, 0% used [0x00000000eb900000,0x00000000eb900000,0x00000000eba00000)
 ParOldGen       total 91648K, used 81982K [0x00000000c0000000, 0x00000000c5980000, 0x00000000eab00000)
  object space 91648K, 89% used [0x00000000c0000000,0x00000000c500f960,0x00000000c5980000)
 Metaspace       used 63735K, committed 65088K, reserved 1114112K
  class space    used 6804K, committed 7424K, reserved 1048576K
}
Event: 27.984 GC heap before
{Heap before GC invocations=73 (full 4):
 PSYoungGen      total 14336K, used 13653K [0x00000000eab00000, 0x00000000eba00000, 0x0000000100000000)
  eden space 12800K, 100% used [0x00000000eab00000,0x00000000eb780000,0x00000000eb780000)
  from space 1536K, 55% used [0x00000000eb780000,0x00000000eb8555f8,0x00000000eb900000)
  to   space 1024K, 0% used [0x00000000eb900000,0x00000000eb900000,0x00000000eba00000)
 ParOldGen       total 91648K, used 81982K [0x00000000c0000000, 0x00000000c5980000, 0x00000000eab00000)
  object space 91648K, 89% used [0x00000000c0000000,0x00000000c500f960,0x00000000c5980000)
 Metaspace       used 63751K, committed 65088K, reserved 1114112K
  class space    used 6805K, committed 7424K, reserved 1048576K
}
Event: 27.992 GC heap after
{Heap after GC invocations=73 (full 4):
 PSYoungGen      total 13824K, used 945K [0x00000000eab00000, 0x00000000eba00000, 0x0000000100000000)
  eden space 12800K, 0% used [0x00000000eab00000,0x00000000eab00000,0x00000000eb780000)
  from space 1024K, 92% used [0x00000000eb900000,0x00000000eb9ec6d8,0x00000000eba00000)
  to   space 1024K, 0% used [0x00000000eb800000,0x00000000eb800000,0x00000000eb900000)
 ParOldGen       total 91648K, used 82503K [0x00000000c0000000, 0x00000000c5980000, 0x00000000eab00000)
  object space 91648K, 90% used [0x00000000c0000000,0x00000000c5091db0,0x00000000c5980000)
 Metaspace       used 63751K, committed 65088K, reserved 1114112K
  class space    used 6805K, committed 7424K, reserved 1048576K
}
Event: 28.051 GC heap before
{Heap before GC invocations=74 (full 4):
 PSYoungGen      total 13824K, used 13745K [0x00000000eab00000, 0x00000000eba00000, 0x0000000100000000)
  eden space 12800K, 100% used [0x00000000eab00000,0x00000000eb780000,0x00000000eb780000)
  from space 1024K, 92% used [0x00000000eb900000,0x00000000eb9ec6d8,0x00000000eba00000)
  to   space 1024K, 0% used [0x00000000eb800000,0x00000000eb800000,0x00000000eb900000)
 ParOldGen       total 91648K, used 82503K [0x00000000c0000000, 0x00000000c5980000, 0x00000000eab00000)
  object space 91648K, 90% used [0x00000000c0000000,0x00000000c5091db0,0x00000000c5980000)
 Metaspace       used 63759K, committed 65088K, reserved 1114112K
  class space    used 6807K, committed 7424K, reserved 1048576K
}
Event: 28.054 GC heap after
{Heap after GC invocations=74 (full 4):
 PSYoungGen      total 13824K, used 763K [0x00000000eab00000, 0x00000000eb980000, 0x0000000100000000)
  eden space 12800K, 0% used [0x00000000eab00000,0x00000000eab00000,0x00000000eb780000)
  from space 1024K, 74% used [0x00000000eb800000,0x00000000eb8befe0,0x00000000eb900000)
  to   space 512K, 0% used [0x00000000eb900000,0x00000000eb900000,0x00000000eb980000)
 ParOldGen       total 91648K, used 83253K [0x00000000c0000000, 0x00000000c5980000, 0x00000000eab00000)
  object space 91648K, 90% used [0x00000000c0000000,0x00000000c514d4f8,0x00000000c5980000)
 Metaspace       used 63759K, committed 65088K, reserved 1114112K
  class space    used 6807K, committed 7424K, reserved 1048576K
}
Event: 28.153 GC heap before
{Heap before GC invocations=75 (full 4):
 PSYoungGen      total 13824K, used 13563K [0x00000000eab00000, 0x00000000eb980000, 0x0000000100000000)
  eden space 12800K, 100% used [0x00000000eab00000,0x00000000eb780000,0x00000000eb780000)
  from space 1024K, 74% used [0x00000000eb800000,0x00000000eb8befe0,0x00000000eb900000)
  to   space 512K, 0% used [0x00000000eb900000,0x00000000eb900000,0x00000000eb980000)
 ParOldGen       total 91648K, used 83253K [0x00000000c0000000, 0x00000000c5980000, 0x00000000eab00000)
  object space 91648K, 90% used [0x00000000c0000000,0x00000000c514d4f8,0x00000000c5980000)
 Metaspace       used 63805K, committed 65152K, reserved 1114112K
  class space    used 6811K, committed 7424K, reserved 1048576K
}
Event: 28.155 GC heap after
{Heap after GC invocations=75 (full 4):
 PSYoungGen      total 13312K, used 492K [0x00000000eab00000, 0x00000000eba80000, 0x0000000100000000)
  eden space 12800K, 0% used [0x00000000eab00000,0x00000000eab00000,0x00000000eb780000)
  from space 512K, 96% used [0x00000000eb900000,0x00000000eb97b010,0x00000000eb980000)
  to   space 1536K, 0% used [0x00000000eb780000,0x00000000eb780000,0x00000000eb900000)
 ParOldGen       total 91648K, used 83757K [0x00000000c0000000, 0x00000000c5980000, 0x00000000eab00000)
  object space 91648K, 91% used [0x00000000c0000000,0x00000000c51cb470,0x00000000c5980000)
 Metaspace       used 63805K, committed 65152K, reserved 1114112K
  class space    used 6811K, committed 7424K, reserved 1048576K
}
Event: 28.242 GC heap before
{Heap before GC invocations=76 (full 4):
 PSYoungGen      total 13312K, used 13292K [0x00000000eab00000, 0x00000000eba80000, 0x0000000100000000)
  eden space 12800K, 100% used [0x00000000eab00000,0x00000000eb780000,0x00000000eb780000)
  from space 512K, 96% used [0x00000000eb900000,0x00000000eb97b010,0x00000000eb980000)
  to   space 1536K, 0% used [0x00000000eb780000,0x00000000eb780000,0x00000000eb900000)
 ParOldGen       total 91648K, used 83757K [0x00000000c0000000, 0x00000000c5980000, 0x00000000eab00000)
  object space 91648K, 91% used [0x00000000c0000000,0x00000000c51cb470,0x00000000c5980000)
 Metaspace       used 63847K, committed 65152K, reserved 1114112K
  class space    used 6815K, committed 7424K, reserved 1048576K
}
Event: 28.244 GC heap after
{Heap after GC invocations=76 (full 4):
 PSYoungGen      total 13824K, used 736K [0x00000000eab00000, 0x00000000eb980000, 0x0000000100000000)
  eden space 12800K, 0% used [0x00000000eab00000,0x00000000eab00000,0x00000000eb780000)
  from space 1024K, 71% used [0x00000000eb780000,0x00000000eb838020,0x00000000eb880000)
  to   space 1024K, 0% used [0x00000000eb880000,0x00000000eb880000,0x00000000eb980000)
 ParOldGen       total 91648K, used 84089K [0x00000000c0000000, 0x00000000c5980000, 0x00000000eab00000)
  object space 91648K, 91% used [0x00000000c0000000,0x00000000c521e4b0,0x00000000c5980000)
 Metaspace       used 63847K, committed 65152K, reserved 1114112K
  class space    used 6815K, committed 7424K, reserved 1048576K
}
Event: 28.423 GC heap before
{Heap before GC invocations=77 (full 4):
 PSYoungGen      total 13824K, used 13536K [0x00000000eab00000, 0x00000000eb980000, 0x0000000100000000)
  eden space 12800K, 100% used [0x00000000eab00000,0x00000000eb780000,0x00000000eb780000)
  from space 1024K, 71% used [0x00000000eb780000,0x00000000eb838020,0x00000000eb880000)
  to   space 1024K, 0% used [0x00000000eb880000,0x00000000eb880000,0x00000000eb980000)
 ParOldGen       total 91648K, used 85425K [0x00000000c0000000, 0x00000000c5980000, 0x00000000eab00000)
  object space 91648K, 93% used [0x00000000c0000000,0x00000000c536c7b0,0x00000000c5980000)
 Metaspace       used 63871K, committed 65152K, reserved 1114112K
  class space    used 6817K, committed 7424K, reserved 1048576K
}
Event: 28.426 GC heap after
{Heap after GC invocations=77 (full 4):
 PSYoungGen      total 13824K, used 640K [0x00000000eab00000, 0x00000000eb980000, 0x0000000100000000)
  eden space 12800K, 0% used [0x00000000eab00000,0x00000000eab00000,0x00000000eb780000)
  from space 1024K, 62% used [0x00000000eb880000,0x00000000eb920000,0x00000000eb980000)
  to   space 1024K, 0% used [0x00000000eb780000,0x00000000eb780000,0x00000000eb880000)
 ParOldGen       total 91648K, used 85962K [0x00000000c0000000, 0x00000000c5980000, 0x00000000eab00000)
  object space 91648K, 93% used [0x00000000c0000000,0x00000000c53f2978,0x00000000c5980000)
 Metaspace       used 63871K, committed 65152K, reserved 1114112K
  class space    used 6817K, committed 7424K, reserved 1048576K
}

