# JRE version: OpenJDK Runtime Environment Temurin-17.0.12+7 (17.0.12+7) (build 17.0.12+7)
# Java VM: OpenJDK 64-Bit Server VM Temurin-17.0.12+7 (17.0.12+7, mixed mode, tiered, compressed oops, compressed class ptrs, parallel gc, windows-amd64)
GC Precious Log:
 CPUs: 8 total, 8 available
 Memory: 7876M
 Large Page Support: Disabled
 NUMA Support: Disabled
 Compressed Oops: Enabled (32-bit)
 Alignments: Space 512K, Generation 512K, Heap 2M
 Heap Min Capacity: 100M
 Heap Initial Capacity: 100M
 Heap Max Capacity: 1G
 Pre-touch: Disabled
 Parallel Workers: 8
Heap:
 PSYoungGen      total 28672K, used 8461K [0x00000000eab00000, 0x00000000ed000000, 0x0000000100000000)
  eden space 20480K, 1% used [0x00000000eab00000,0x00000000eab460c0,0x00000000ebf00000)
  from space 8192K, 99% used [0x00000000ec000000,0x00000000ec7fd340,0x00000000ec800000)
  to   space 6656K, 0% used [0x00000000ec980000,0x00000000ec980000,0x00000000ed000000)
 ParOldGen       total 164864K, used 148864K [0x00000000c0000000, 0x00000000ca100000, 0x00000000eab00000)
  object space 164864K, 90% used [0x00000000c0000000,0x00000000c9160120,0x00000000ca100000)
 Metaspace       used 68900K, committed 70336K, reserved 1114112K
  class space    used 7298K, committed 7936K, reserved 1048576K
GC Heap History (20 events):
Event: 15.690 GC heap before
{Heap before GC invocations=76 (full 6):
 PSYoungGen      total 34816K, used 27136K [0x00000000eab00000, 0x00000000ed580000, 0x0000000100000000)
  eden space 27136K, 100% used [0x00000000eab00000,0x00000000ec580000,0x00000000ec580000)
  from space 7680K, 0% used [0x00000000ecd00000,0x00000000ecd00000,0x00000000ed480000)
  to   space 7680K, 0% used [0x00000000ec580000,0x00000000ec580000,0x00000000ecd00000)
 ParOldGen       total 164864K, used 115896K [0x00000000c0000000, 0x00000000ca100000, 0x00000000eab00000)
  object space 164864K, 70% used [0x00000000c0000000,0x00000000c712e318,0x00000000ca100000)
 Metaspace       used 65131K, committed 66496K, reserved 1114112K
  class space    used 6939K, committed 7552K, reserved 1048576K
}
Event: 15.695 GC heap after
{Heap after GC invocations=76 (full 6):
 PSYoungGen      total 34816K, used 5585K [0x00000000eab00000, 0x00000000ed480000, 0x0000000100000000)
  eden space 27136K, 0% used [0x00000000eab00000,0x00000000eab00000,0x00000000ec580000)
  from space 7680K, 72% used [0x00000000ec580000,0x00000000ecaf47f8,0x00000000ecd00000)
  to   space 6144K, 0% used [0x00000000ece80000,0x00000000ece80000,0x00000000ed480000)
 ParOldGen       total 164864K, used 115896K [0x00000000c0000000, 0x00000000ca100000, 0x00000000eab00000)
  object space 164864K, 70% used [0x00000000c0000000,0x00000000c712e318,0x00000000ca100000)
 Metaspace       used 65131K, committed 66496K, reserved 1114112K
  class space    used 6939K, committed 7552K, reserved 1048576K
}
Event: 15.824 GC heap before
{Heap before GC invocations=77 (full 6):
 PSYoungGen      total 34816K, used 32721K [0x00000000eab00000, 0x00000000ed480000, 0x0000000100000000)
  eden space 27136K, 100% used [0x00000000eab00000,0x00000000ec580000,0x00000000ec580000)
  from space 7680K, 72% used [0x00000000ec580000,0x00000000ecaf47f8,0x00000000ecd00000)
  to   space 6144K, 0% used [0x00000000ece80000,0x00000000ece80000,0x00000000ed480000)
 ParOldGen       total 164864K, used 115896K [0x00000000c0000000, 0x00000000ca100000, 0x00000000eab00000)
  object space 164864K, 70% used [0x00000000c0000000,0x00000000c712e318,0x00000000ca100000)
 Metaspace       used 65745K, committed 67072K, reserved 1114112K
  class space    used 7008K, committed 7616K, reserved 1048576K
}
Event: 15.837 GC heap after
{Heap after GC invocations=77 (full 6):
 PSYoungGen      total 28160K, used 6113K [0x00000000eab00000, 0x00000000ee480000, 0x0000000100000000)
  eden space 22016K, 0% used [0x00000000eab00000,0x00000000eab00000,0x00000000ec080000)
  from space 6144K, 99% used [0x00000000ece80000,0x00000000ed4784d0,0x00000000ed480000)
  to   space 14336K, 0% used [0x00000000ec080000,0x00000000ec080000,0x00000000ece80000)
 ParOldGen       total 164864K, used 122523K [0x00000000c0000000, 0x00000000ca100000, 0x00000000eab00000)
  object space 164864K, 74% used [0x00000000c0000000,0x00000000c77a6da0,0x00000000ca100000)
 Metaspace       used 65745K, committed 67072K, reserved 1114112K
  class space    used 7008K, committed 7616K, reserved 1048576K
}
Event: 16.010 GC heap before
{Heap before GC invocations=78 (full 6):
 PSYoungGen      total 28160K, used 28129K [0x00000000eab00000, 0x00000000ee480000, 0x0000000100000000)
  eden space 22016K, 100% used [0x00000000eab00000,0x00000000ec080000,0x00000000ec080000)
  from space 6144K, 99% used [0x00000000ece80000,0x00000000ed4784d0,0x00000000ed480000)
  to   space 14336K, 0% used [0x00000000ec080000,0x00000000ec080000,0x00000000ece80000)
 ParOldGen       total 164864K, used 122523K [0x00000000c0000000, 0x00000000ca100000, 0x00000000eab00000)
  object space 164864K, 74% used [0x00000000c0000000,0x00000000c77a6da0,0x00000000ca100000)
 Metaspace       used 66088K, committed 67456K, reserved 1114112K
  class space    used 7047K, committed 7680K, reserved 1048576K
}
Event: 16.019 GC heap after
{Heap after GC invocations=78 (full 6):
 PSYoungGen      total 26624K, used 4414K [0x00000000eab00000, 0x00000000ecf80000, 0x0000000100000000)
  eden space 22016K, 0% used [0x00000000eab00000,0x00000000eab00000,0x00000000ec080000)
  from space 4608K, 95% used [0x00000000ec080000,0x00000000ec4cfbb0,0x00000000ec500000)
  to   space 7680K, 0% used [0x00000000ec800000,0x00000000ec800000,0x00000000ecf80000)
 ParOldGen       total 164864K, used 128632K [0x00000000c0000000, 0x00000000ca100000, 0x00000000eab00000)
  object space 164864K, 78% used [0x00000000c0000000,0x00000000c7d9e3b8,0x00000000ca100000)
 Metaspace       used 66088K, committed 67456K, reserved 1114112K
  class space    used 7047K, committed 7680K, reserved 1048576K
}
Event: 16.153 GC heap before
{Heap before GC invocations=79 (full 6):
 PSYoungGen      total 26624K, used 26430K [0x00000000eab00000, 0x00000000ecf80000, 0x0000000100000000)
  eden space 22016K, 100% used [0x00000000eab00000,0x00000000ec080000,0x00000000ec080000)
  from space 4608K, 95% used [0x00000000ec080000,0x00000000ec4cfbb0,0x00000000ec500000)
  to   space 7680K, 0% used [0x00000000ec800000,0x00000000ec800000,0x00000000ecf80000)
 ParOldGen       total 164864K, used 128632K [0x00000000c0000000, 0x00000000ca100000, 0x00000000eab00000)
  object space 164864K, 78% used [0x00000000c0000000,0x00000000c7d9e3b8,0x00000000ca100000)
 Metaspace       used 66465K, committed 67776K, reserved 1114112K
  class space    used 7085K, committed 7680K, reserved 1048576K
}
Event: 16.161 GC heap after
{Heap after GC invocations=79 (full 6):
 PSYoungGen      total 28160K, used 7653K [0x00000000eab00000, 0x00000000ed280000, 0x0000000100000000)
  eden space 20480K, 0% used [0x00000000eab00000,0x00000000eab00000,0x00000000ebf00000)
  from space 7680K, 99% used [0x00000000ec800000,0x00000000ecf79720,0x00000000ecf80000)
  to   space 9216K, 0% used [0x00000000ebf00000,0x00000000ebf00000,0x00000000ec800000)
 ParOldGen       total 164864K, used 129058K [0x00000000c0000000, 0x00000000ca100000, 0x00000000eab00000)
  object space 164864K, 78% used [0x00000000c0000000,0x00000000c7e08930,0x00000000ca100000)
 Metaspace       used 66465K, committed 67776K, reserved 1114112K
  class space    used 7085K, committed 7680K, reserved 1048576K
}
Event: 16.261 GC heap before
{Heap before GC invocations=80 (full 6):
 PSYoungGen      total 28160K, used 28133K [0x00000000eab00000, 0x00000000ed280000, 0x0000000100000000)
  eden space 20480K, 100% used [0x00000000eab00000,0x00000000ebf00000,0x00000000ebf00000)
  from space 7680K, 99% used [0x00000000ec800000,0x00000000ecf79720,0x00000000ecf80000)
  to   space 9216K, 0% used [0x00000000ebf00000,0x00000000ebf00000,0x00000000ec800000)
 ParOldGen       total 164864K, used 129058K [0x00000000c0000000, 0x00000000ca100000, 0x00000000eab00000)
  object space 164864K, 78% used [0x00000000c0000000,0x00000000c7e08930,0x00000000ca100000)
 Metaspace       used 66990K, committed 68352K, reserved 1114112K
  class space    used 7133K, committed 7744K, reserved 1048576K
}
Event: 16.268 GC heap after
{Heap after GC invocations=80 (full 6):
 PSYoungGen      total 24064K, used 3133K [0x00000000eab00000, 0x00000000ec900000, 0x0000000100000000)
  eden space 20480K, 0% used [0x00000000eab00000,0x00000000eab00000,0x00000000ebf00000)
  from space 3584K, 87% used [0x00000000ebf00000,0x00000000ec20f668,0x00000000ec280000)
  to   space 5120K, 0% used [0x00000000ec400000,0x00000000ec400000,0x00000000ec900000)
 ParOldGen       total 164864K, used 136674K [0x00000000c0000000, 0x00000000ca100000, 0x00000000eab00000)
  object space 164864K, 82% used [0x00000000c0000000,0x00000000c8578b48,0x00000000ca100000)
 Metaspace       used 66990K, committed 68352K, reserved 1114112K
  class space    used 7133K, committed 7744K, reserved 1048576K
}
Event: 16.336 GC heap before
{Heap before GC invocations=81 (full 6):
 PSYoungGen      total 24064K, used 23613K [0x00000000eab00000, 0x00000000ec900000, 0x0000000100000000)
  eden space 20480K, 99% used [0x00000000eab00000,0x00000000ebefffd8,0x00000000ebf00000)
  from space 3584K, 87% used [0x00000000ebf00000,0x00000000ec20f668,0x00000000ec280000)
  to   space 5120K, 0% used [0x00000000ec400000,0x00000000ec400000,0x00000000ec900000)
 ParOldGen       total 164864K, used 136674K [0x00000000c0000000, 0x00000000ca100000, 0x00000000eab00000)
  object space 164864K, 82% used [0x00000000c0000000,0x00000000c8578b48,0x00000000ca100000)
 Metaspace       used 67072K, committed 68480K, reserved 1114112K
  class space    used 7133K, committed 7744K, reserved 1048576K
}
Event: 16.340 GC heap after
{Heap after GC invocations=81 (full 6):
 PSYoungGen      total 25600K, used 4627K [0x00000000eab00000, 0x00000000ec900000, 0x0000000100000000)
  eden space 20480K, 0% used [0x00000000eab00000,0x00000000eab00000,0x00000000ebf00000)
  from space 5120K, 90% used [0x00000000ec400000,0x00000000ec884c60,0x00000000ec900000)
  to   space 5120K, 0% used [0x00000000ebf00000,0x00000000ebf00000,0x00000000ec400000)
 ParOldGen       total 164864K, used 136674K [0x00000000c0000000, 0x00000000ca100000, 0x00000000eab00000)
  object space 164864K, 82% used [0x00000000c0000000,0x00000000c8578b48,0x00000000ca100000)
 Metaspace       used 67072K, committed 68480K, reserved 1114112K
  class space    used 7133K, committed 7744K, reserved 1048576K
}
Event: 16.387 GC heap before
{Heap before GC invocations=82 (full 6):
 PSYoungGen      total 25600K, used 25092K [0x00000000eab00000, 0x00000000ec900000, 0x0000000100000000)
  eden space 20480K, 99% used [0x00000000eab00000,0x00000000ebefc570,0x00000000ebf00000)
  from space 5120K, 90% used [0x00000000ec400000,0x00000000ec884c60,0x00000000ec900000)
  to   space 5120K, 0% used [0x00000000ebf00000,0x00000000ebf00000,0x00000000ec400000)
 ParOldGen       total 164864K, used 136674K [0x00000000c0000000, 0x00000000ca100000, 0x00000000eab00000)
  object space 164864K, 82% used [0x00000000c0000000,0x00000000c8578b48,0x00000000ca100000)
 Metaspace       used 67132K, committed 68544K, reserved 1114112K
  class space    used 7138K, committed 7744K, reserved 1048576K
}
Event: 16.392 GC heap after
{Heap after GC invocations=82 (full 6):
 PSYoungGen      total 25600K, used 5102K [0x00000000eab00000, 0x00000000ecb00000, 0x0000000100000000)
  eden space 20480K, 0% used [0x00000000eab00000,0x00000000eab00000,0x00000000ebf00000)
  from space 5120K, 99% used [0x00000000ebf00000,0x00000000ec3fba38,0x00000000ec400000)
  to   space 6144K, 0% used [0x00000000ec500000,0x00000000ec500000,0x00000000ecb00000)
 ParOldGen       total 164864K, used 137163K [0x00000000c0000000, 0x00000000ca100000, 0x00000000eab00000)
  object space 164864K, 83% used [0x00000000c0000000,0x00000000c85f2ce0,0x00000000ca100000)
 Metaspace       used 67132K, committed 68544K, reserved 1114112K
  class space    used 7138K, committed 7744K, reserved 1048576K
}
Event: 16.512 GC heap before
{Heap before GC invocations=83 (full 6):
 PSYoungGen      total 25600K, used 25582K [0x00000000eab00000, 0x00000000ecb00000, 0x0000000100000000)
  eden space 20480K, 100% used [0x00000000eab00000,0x00000000ebf00000,0x00000000ebf00000)
  from space 5120K, 99% used [0x00000000ebf00000,0x00000000ec3fba38,0x00000000ec400000)
  to   space 6144K, 0% used [0x00000000ec500000,0x00000000ec500000,0x00000000ecb00000)
 ParOldGen       total 164864K, used 137163K [0x00000000c0000000, 0x00000000ca100000, 0x00000000eab00000)
  object space 164864K, 83% used [0x00000000c0000000,0x00000000c85f2ce0,0x00000000ca100000)
 Metaspace       used 68011K, committed 69376K, reserved 1114112K
  class space    used 7227K, committed 7808K, reserved 1048576K
}
Event: 16.518 GC heap after
{Heap after GC invocations=83 (full 6):
 PSYoungGen      total 26624K, used 5615K [0x00000000eab00000, 0x00000000ecb00000, 0x0000000100000000)
  eden space 20480K, 0% used [0x00000000eab00000,0x00000000eab00000,0x00000000ebf00000)
  from space 6144K, 91% used [0x00000000ec500000,0x00000000eca7bf10,0x00000000ecb00000)
  to   space 6144K, 0% used [0x00000000ebf00000,0x00000000ebf00000,0x00000000ec500000)
 ParOldGen       total 164864K, used 140049K [0x00000000c0000000, 0x00000000ca100000, 0x00000000eab00000)
  object space 164864K, 84% used [0x00000000c0000000,0x00000000c88c4578,0x00000000ca100000)
 Metaspace       used 68011K, committed 69376K, reserved 1114112K
  class space    used 7227K, committed 7808K, reserved 1048576K
}
Event: 16.668 GC heap before
{Heap before GC invocations=84 (full 6):
 PSYoungGen      total 26624K, used 26095K [0x00000000eab00000, 0x00000000ecb00000, 0x0000000100000000)
  eden space 20480K, 100% used [0x00000000eab00000,0x00000000ebf00000,0x00000000ebf00000)
  from space 6144K, 91% used [0x00000000ec500000,0x00000000eca7bf10,0x00000000ecb00000)
  to   space 6144K, 0% used [0x00000000ebf00000,0x00000000ebf00000,0x00000000ec500000)
 ParOldGen       total 164864K, used 140049K [0x00000000c0000000, 0x00000000ca100000, 0x00000000eab00000)
  object space 164864K, 84% used [0x00000000c0000000,0x00000000c88c4578,0x00000000ca100000)
 Metaspace       used 68476K, committed 69888K, reserved 1114112K
  class space    used 7258K, committed 7872K, reserved 1048576K
}
Event: 16.675 GC heap after
{Heap after GC invocations=84 (full 6):
 PSYoungGen      total 26624K, used 6130K [0x00000000eab00000, 0x00000000ed400000, 0x0000000100000000)
  eden space 20480K, 0% used [0x00000000eab00000,0x00000000eab00000,0x00000000ebf00000)
  from space 6144K, 99% used [0x00000000ebf00000,0x00000000ec4fcae0,0x00000000ec500000)
  to   space 10752K, 0% used [0x00000000ec980000,0x00000000ec980000,0x00000000ed400000)
 ParOldGen       total 164864K, used 143580K [0x00000000c0000000, 0x00000000ca100000, 0x00000000eab00000)
  object space 164864K, 87% used [0x00000000c0000000,0x00000000c8c373e0,0x00000000ca100000)
 Metaspace       used 68476K, committed 69888K, reserved 1114112K
  class space    used 7258K, committed 7872K, reserved 1048576K
}
Event: 16.788 GC heap before
{Heap before GC invocations=85 (full 6):
 PSYoungGen      total 26624K, used 26610K [0x00000000eab00000, 0x00000000ed400000, 0x0000000100000000)
  eden space 20480K, 100% used [0x00000000eab00000,0x00000000ebf00000,0x00000000ebf00000)
  from space 6144K, 99% used [0x00000000ebf00000,0x00000000ec4fcae0,0x00000000ec500000)
  to   space 10752K, 0% used [0x00000000ec980000,0x00000000ec980000,0x00000000ed400000)
 ParOldGen       total 164864K, used 143580K [0x00000000c0000000, 0x00000000ca100000, 0x00000000eab00000)
  object space 164864K, 87% used [0x00000000c0000000,0x00000000c8c373e0,0x00000000ca100000)
 Metaspace       used 68897K, committed 70336K, reserved 1114112K
  class space    used 7298K, committed 7936K, reserved 1048576K
}
Event: 16.797 GC heap after
{Heap after GC invocations=85 (full 6):
 PSYoungGen      total 27136K, used 6626K [0x00000000eab00000, 0x00000000ed000000, 0x0000000100000000)
  eden space 20480K, 0% used [0x00000000eab00000,0x00000000eab00000,0x00000000ebf00000)
  from space 6656K, 99% used [0x00000000ec980000,0x00000000ecff8980,0x00000000ed000000)
  to   space 8192K, 0% used [0x00000000ec000000,0x00000000ec000000,0x00000000ec800000)
 ParOldGen       total 164864K, used 147109K [0x00000000c0000000, 0x00000000ca100000, 0x00000000eab00000)
  object space 164864K, 89% used [0x00000000c0000000,0x00000000c8fa9628,0x00000000ca100000)
 Metaspace       used 68897K, committed 70336K, reserved 1114112K
  class space    used 7298K, committed 7936K, reserved 1048576K
}

