# JRE version: OpenJDK Runtime Environment Temurin-17.0.12+7 (17.0.12+7) (build 17.0.12+7)
# Java VM: OpenJDK 64-Bit Server VM Temurin-17.0.12+7 (17.0.12+7, mixed mode, emulated-client, tiered, compressed oops, compressed class ptrs, g1 gc, windows-amd64)
GC Precious Log:
 CPUs: 8 total, 8 available
 Memory: 7876M
 Large Page Support: Disabled
 NUMA Support: Disabled
 Compressed Oops: Enabled (32-bit)
 Heap Region Size: 1M
 Heap Min Capacity: 8M
 Heap Initial Capacity: 124M
 Heap Max Capacity: 1G
 Pre-touch: Disabled
 Parallel Workers: 8
 Concurrent Workers: 2
 Concurrent Refinement Workers: 8
 Periodic GC: Disabled
Heap:
 garbage-first heap   total 91136K, used 28543K [0x00000000c0000000, 0x0000000100000000)
  region size 1024K, 1 young (1024K), 0 survivors (0K)
 Metaspace       used 50016K, committed 50816K, reserved 1114112K
  class space    used 6541K, committed 6848K, reserved 1048576K
GC Heap History (20 events):
Event: 14582.405 GC heap after
{Heap after GC invocations=1437 (full 1427):
 garbage-first heap   total 91136K, used 28543K [0x00000000c0000000, 0x0000000100000000)
  region size 1024K, 0 young (0K), 0 survivors (0K)
 Metaspace       used 50016K, committed 50816K, reserved 1114112K
  class space    used 6541K, committed 6848K, reserved 1048576K
}
Event: 14592.530 GC heap before
{Heap before GC invocations=1437 (full 1427):
 garbage-first heap   total 91136K, used 28543K [0x00000000c0000000, 0x0000000100000000)
  region size 1024K, 1 young (1024K), 0 survivors (0K)
 Metaspace       used 50016K, committed 50816K, reserved 1114112K
  class space    used 6541K, committed 6848K, reserved 1048576K
}
Event: 14592.557 GC heap after
{Heap after GC invocations=1438 (full 1428):
 garbage-first heap   total 91136K, used 28543K [0x00000000c0000000, 0x0000000100000000)
  region size 1024K, 0 young (0K), 0 survivors (0K)
 Metaspace       used 50016K, committed 50816K, reserved 1114112K
  class space    used 6541K, committed 6848K, reserved 1048576K
}
Event: 14602.686 GC heap before
{Heap before GC invocations=1438 (full 1428):
 garbage-first heap   total 91136K, used 28543K [0x00000000c0000000, 0x0000000100000000)
  region size 1024K, 1 young (1024K), 0 survivors (0K)
 Metaspace       used 50016K, committed 50816K, reserved 1114112K
  class space    used 6541K, committed 6848K, reserved 1048576K
}
Event: 14602.709 GC heap after
{Heap after GC invocations=1439 (full 1429):
 garbage-first heap   total 91136K, used 28543K [0x00000000c0000000, 0x0000000100000000)
  region size 1024K, 0 young (0K), 0 survivors (0K)
 Metaspace       used 50016K, committed 50816K, reserved 1114112K
  class space    used 6541K, committed 6848K, reserved 1048576K
}
Event: 14612.842 GC heap before
{Heap before GC invocations=1439 (full 1429):
 garbage-first heap   total 91136K, used 28543K [0x00000000c0000000, 0x0000000100000000)
  region size 1024K, 1 young (1024K), 0 survivors (0K)
 Metaspace       used 50016K, committed 50816K, reserved 1114112K
  class space    used 6541K, committed 6848K, reserved 1048576K
}
Event: 14612.872 GC heap after
{Heap after GC invocations=1440 (full 1430):
 garbage-first heap   total 91136K, used 28543K [0x00000000c0000000, 0x0000000100000000)
  region size 1024K, 0 young (0K), 0 survivors (0K)
 Metaspace       used 50016K, committed 50816K, reserved 1114112K
  class space    used 6541K, committed 6848K, reserved 1048576K
}
Event: 14622.994 GC heap before
{Heap before GC invocations=1440 (full 1430):
 garbage-first heap   total 91136K, used 28543K [0x00000000c0000000, 0x0000000100000000)
  region size 1024K, 1 young (1024K), 0 survivors (0K)
 Metaspace       used 50016K, committed 50816K, reserved 1114112K
  class space    used 6541K, committed 6848K, reserved 1048576K
}
Event: 14623.019 GC heap after
{Heap after GC invocations=1441 (full 1431):
 garbage-first heap   total 91136K, used 28543K [0x00000000c0000000, 0x0000000100000000)
  region size 1024K, 0 young (0K), 0 survivors (0K)
 Metaspace       used 50016K, committed 50816K, reserved 1114112K
  class space    used 6541K, committed 6848K, reserved 1048576K
}
Event: 14633.147 GC heap before
{Heap before GC invocations=1441 (full 1431):
 garbage-first heap   total 91136K, used 28543K [0x00000000c0000000, 0x0000000100000000)
  region size 1024K, 1 young (1024K), 0 survivors (0K)
 Metaspace       used 50016K, committed 50816K, reserved 1114112K
  class space    used 6541K, committed 6848K, reserved 1048576K
}
Event: 14633.175 GC heap after
{Heap after GC invocations=1442 (full 1432):
 garbage-first heap   total 91136K, used 28543K [0x00000000c0000000, 0x0000000100000000)
  region size 1024K, 0 young (0K), 0 survivors (0K)
 Metaspace       used 50016K, committed 50816K, reserved 1114112K
  class space    used 6541K, committed 6848K, reserved 1048576K
}
Event: 14643.300 GC heap before
{Heap before GC invocations=1442 (full 1432):
 garbage-first heap   total 91136K, used 28543K [0x00000000c0000000, 0x0000000100000000)
  region size 1024K, 1 young (1024K), 0 survivors (0K)
 Metaspace       used 50016K, committed 50816K, reserved 1114112K
  class space    used 6541K, committed 6848K, reserved 1048576K
}
Event: 14643.322 GC heap after
{Heap after GC invocations=1443 (full 1433):
 garbage-first heap   total 91136K, used 28543K [0x00000000c0000000, 0x0000000100000000)
  region size 1024K, 0 young (0K), 0 survivors (0K)
 Metaspace       used 50016K, committed 50816K, reserved 1114112K
  class space    used 6541K, committed 6848K, reserved 1048576K
}
Event: 14653.462 GC heap before
{Heap before GC invocations=1443 (full 1433):
 garbage-first heap   total 91136K, used 28543K [0x00000000c0000000, 0x0000000100000000)
  region size 1024K, 1 young (1024K), 0 survivors (0K)
 Metaspace       used 50016K, committed 50816K, reserved 1114112K
  class space    used 6541K, committed 6848K, reserved 1048576K
}
Event: 14653.488 GC heap after
{Heap after GC invocations=1444 (full 1434):
 garbage-first heap   total 91136K, used 28543K [0x00000000c0000000, 0x0000000100000000)
  region size 1024K, 0 young (0K), 0 survivors (0K)
 Metaspace       used 50016K, committed 50816K, reserved 1114112K
  class space    used 6541K, committed 6848K, reserved 1048576K
}
Event: 14663.681 GC heap before
{Heap before GC invocations=1444 (full 1434):
 garbage-first heap   total 91136K, used 28543K [0x00000000c0000000, 0x0000000100000000)
  region size 1024K, 1 young (1024K), 0 survivors (0K)
 Metaspace       used 50016K, committed 50816K, reserved 1114112K
  class space    used 6541K, committed 6848K, reserved 1048576K
}
Event: 14663.718 GC heap after
{Heap after GC invocations=1445 (full 1435):
 garbage-first heap   total 91136K, used 28543K [0x00000000c0000000, 0x0000000100000000)
  region size 1024K, 0 young (0K), 0 survivors (0K)
 Metaspace       used 50016K, committed 50816K, reserved 1114112K
  class space    used 6541K, committed 6848K, reserved 1048576K
}
Event: 14673.855 GC heap before
{Heap before GC invocations=1445 (full 1435):
 garbage-first heap   total 91136K, used 28543K [0x00000000c0000000, 0x0000000100000000)
  region size 1024K, 1 young (1024K), 0 survivors (0K)
 Metaspace       used 50016K, committed 50816K, reserved 1114112K
  class space    used 6541K, committed 6848K, reserved 1048576K
}
Event: 14673.884 GC heap after
{Heap after GC invocations=1446 (full 1436):
 garbage-first heap   total 91136K, used 28543K [0x00000000c0000000, 0x0000000100000000)
  region size 1024K, 0 young (0K), 0 survivors (0K)
 Metaspace       used 50016K, committed 50816K, reserved 1114112K
  class space    used 6541K, committed 6848K, reserved 1048576K
}
Event: 14683.948 GC heap before
{Heap before GC invocations=1446 (full 1436):
 garbage-first heap   total 91136K, used 28543K [0x00000000c0000000, 0x0000000100000000)
  region size 1024K, 1 young (1024K), 0 survivors (0K)
 Metaspace       used 50016K, committed 50816K, reserved 1114112K
  class space    used 6541K, committed 6848K, reserved 1048576K
}

